13:43:30 **** Incremental Build of configuration Debug for project Testeur ****
make all 
Building target: Testeur
Invoking: GCC C++ Linker
g++ -L"/home/etudiant/Bureau/GIT/111155105_tp4/PersonneLib/Debug" -o "Testeur"  ./AnnuaireTesteur.o ./EntraineurTesteur.o ./JoueurTesteur.o ./PersonneTesteur.o   -lPersonneLib -lgtest_main -lgtest -lpthread
./AnnuaireTesteur.o : Dans la fonction « AnnuaireParam::SetUp() » :
/home/etudiant/Bureau/GIT/111155105_tp4/Testeur/Debug/../AnnuaireTesteur.cpp:83 : référence indéfinie vers « tp::Annuaire::operator=(tp::Annuaire const&) »
collect2: error: ld returned 1 exit status
make: *** [Testeur] Erreur 1
makefile:44 : la recette pour la cible « Testeur » a échouée
13:43:52 **** Incremental Build of configuration Debug for project Personne ****
make all 
Building file: ../main.cpp
Invoking: GCC C++ Compiler
g++ -std=c++98 -I"/home/etudiant/Bureau/GIT/111155105_tp4/PersonneLib" -O0 -g3 -Wall -c -fmessage-length=0 -MMD -MP -MF"main.d" -MT"main.o" -o "main.o" "../main.cpp"
Finished building: ../main.cpp
 
Building target: Personne
Invoking: GCC C++ Linker
g++ -L"/home/etudiant/Bureau/GIT/111155105_tp4/PersonneLib/Debug" -o "Personne"  ./main.o   -lPersonneLib
Finished building target: Personne
 
13:43:52 **** Incremental Build of configuration Debug for project PersonneLib ****
make all 
Building file: ../Annuaire.cpp
Invoking: GCC C++ Compiler
g++ -std=c++98 -O0 -g3 -Wall -c -fmessage-length=0 -MMD -MP -MF"Annuaire.d" -MT"Annuaire.o" -o "Annuaire.o" "../Annuaire.cpp"
Finished building: ../Annuaire.cpp
 
Building target: libPersonneLib.a
Invoking: GCC Archiver
ar -r  "libPersonneLib.a"  ./Annuaire.o ./ContratException.o ./Date.o ./Entraineur.o ./Joueur.o ./Personne.o ./PersonneException.o ./validationFormat.o   
ar: création de libPersonneLib.a
Finished building target: libPersonneLib.a
 
13:43:53 **** Incremental Build of configuration Debug for project Testeur ****
make all 
Building file: ../AnnuaireTesteur.cpp
Invoking: GCC C++ Compiler
g++ -std=c++98 -I"/home/etudiant/Bureau/GIT/111155105_tp4/PersonneLib" -O0 -g3 -Wall -c -fmessage-length=0 -MMD -MP -MF"AnnuaireTesteur.d" -MT"AnnuaireTesteur.o" -o "AnnuaireTesteur.o" "../AnnuaireTesteur.cpp"
../AnnuaireTesteur.cpp:64:19: warning: non-static data member initializers only available with -std=c++11 or -std=gnu++11
  string nomClub = "NOM DU CLUB";
                   ^
../AnnuaireTesteur.cpp:66:22: warning: non-static data member initializers only available with -std=c++11 or -std=gnu++11
  string nom_joueur = "Hockey";
                      ^
../AnnuaireTesteur.cpp:67:25: warning: non-static data member initializers only available with -std=c++11 or -std=gnu++11
  string prenom_joueur = "Joueur";
                         ^
../AnnuaireTesteur.cpp:68:45: warning: non-static data member initializers only available with -std=c++11 or -std=gnu++11
  Date dateNaissance_joueur = Date(5, 5, 2001);
                                             ^
../AnnuaireTesteur.cpp:69:28: warning: non-static data member initializers only available with -std=c++11 or -std=gnu++11
  string telephone_joueur = "418 658-2222";
                            ^
../AnnuaireTesteur.cpp:70:27: warning: non-static data member initializers only available with -std=c++11 or -std=gnu++11
  string position_joueur = "CENTRE";
                           ^
../AnnuaireTesteur.cpp:72:19: warning: non-static data member initializers only available with -std=c++11 or -std=gnu++11
  string nom_ent = "Thibault";
                   ^
../AnnuaireTesteur.cpp:73:22: warning: non-static data member initializers only available with -std=c++11 or -std=gnu++11
  string prenom_ent = "Marc";
                      ^
../AnnuaireTesteur.cpp:74:42: warning: non-static data member initializers only available with -std=c++11 or -std=gnu++11
  Date dateNaissance_ent = Date(5, 5, 1980);
                                          ^
../AnnuaireTesteur.cpp:75:25: warning: non-static data member initializers only available with -std=c++11 or -std=gnu++11
  string telephone_ent = "418 656-2177";
                         ^
../AnnuaireTesteur.cpp:76:18: warning: non-static data member initializers only available with -std=c++11 or -std=gnu++11
  char sexe_ent = 'M';
                  ^
../AnnuaireTesteur.cpp:77:20: warning: non-static data member initializers only available with -std=c++11 or -std=gnu++11
  string RAMQ_ent = "THIM 8005 0522";
                    ^
Finished building: ../AnnuaireTesteur.cpp
 
Building target: Testeur
Invoking: GCC C++ Linker
g++ -L"/home/etudiant/Bureau/GIT/111155105_tp4/PersonneLib/Debug" -o "Testeur"  ./AnnuaireTesteur.o ./EntraineurTesteur.o ./JoueurTesteur.o ./PersonneTesteur.o   -lPersonneLib -lgtest_main -lgtest -lpthread
Finished building target: Testeur
 
22:10:48 **** Incremental Build of configuration Debug for project Personne ****
make all 
Building file: ../main.cpp
Invoking: GCC C++ Compiler
g++ -std=c++98 -I"/home/etudiant/Bureau/GIT/111155105_tp4/PersonneLib" -O0 -g3 -Wall -c -fmessage-length=0 -MMD -MP -MF"main.d" -MT"main.o" -o "main.o" "../main.cpp"
Finished building: ../main.cpp
 
Building target: Personne
Invoking: GCC C++ Linker
g++ -L"/home/etudiant/Bureau/GIT/111155105_tp4/PersonneLib/Debug" -o "Personne"  ./main.o   -lPersonneLib
Finished building target: Personne
 
22:10:49 **** Incremental Build of configuration Debug for project PersonneLib ****
make all 
Building file: ../Annuaire.cpp
Invoking: GCC C++ Compiler
g++ -std=c++98 -O0 -g3 -Wall -c -fmessage-length=0 -MMD -MP -MF"Annuaire.d" -MT"Annuaire.o" -o "Annuaire.o" "../Annuaire.cpp"
../Annuaire.cpp: In member function ‘bool tp::Annuaire::PersonneEstDejaPresente(const tp::Personne&) const’:
../Annuaire.cpp:91:10: error: no match for ‘operator=’ (operand types are ‘std::vector<tp::Personne*>::const_iterator {aka __gnu_cxx::__normal_iterator<tp::Personne* const*, std::vector<tp::Personne*> >}’ and ‘tp::Personne* const’)
  for (it = *m_vMembres.begin(); it < *m_vMembres.end(); it++)
          ^
In file included from /usr/include/c++/5/bits/stl_algobase.h:67:0,
                 from /usr/include/c++/5/bits/char_traits.h:39,
                 from /usr/include/c++/5/string:40,
                 from ../Annuaire.h:10,
                 from ../Annuaire.cpp:8:
/usr/include/c++/5/bits/stl_iterator.h:721:11: note: candidate: __gnu_cxx::__normal_iterator<tp::Personne* const*, std::vector<tp::Personne*> >& __gnu_cxx::__normal_iterator<tp::Personne* const*, std::vector<tp::Personne*> >::operator=(const __gnu_cxx::__normal_iterator<tp::Personne* const*, std::vector<tp::Personne*> >&)
subdir.mk:39 : la recette pour la cible « Annuaire.o » a échouée
     class __normal_iterator
           ^
/usr/include/c++/5/bits/stl_iterator.h:721:11: note:   no known conversion for argument 1 from ‘tp::Personne* const’ to ‘const __gnu_cxx::__normal_iterator<tp::Personne* const*, std::vector<tp::Personne*> >&’
../Annuaire.cpp:91:36: error: no match for ‘operator<’ (operand types are ‘std::vector<tp::Personne*>::const_iterator {aka __gnu_cxx::__normal_iterator<tp::Personne* const*, std::vector<tp::Personne*> >}’ and ‘tp::Personne* const’)
  for (it = *m_vMembres.begin(); it < *m_vMembres.end(); it++)
                                    ^
In file included from /usr/include/c++/5/bits/stl_algobase.h:64:0,
                 from /usr/include/c++/5/bits/char_traits.h:39,
                 from /usr/include/c++/5/string:40,
                 from ../Annuaire.h:10,
                 from ../Annuaire.cpp:8:
/usr/include/c++/5/bits/stl_pair.h:220:5: note: candidate: template<class _T1, class _T2> bool std::operator<(const std::pair<_T1, _T2>&, const std::pair<_T1, _T2>&)
     operator<(const pair<_T1, _T2>& __x, const pair<_T1, _T2>& __y)
     ^
/usr/include/c++/5/bits/stl_pair.h:220:5: note:   template argument deduction/substitution failed:
../Annuaire.cpp:91:54: note:   ‘std::vector<tp::Personne*>::const_iterator {aka __gnu_cxx::__normal_iterator<tp::Personne* const*, std::vector<tp::Personne*> >}’ is not derived from ‘const std::pair<_T1, _T2>’
  for (it = *m_vMembres.begin(); it < *m_vMembres.end(); it++)
                                                      ^
In file included from /usr/include/c++/5/bits/stl_algobase.h:67:0,
                 from /usr/include/c++/5/bits/char_traits.h:39,
                 from /usr/include/c++/5/string:40,
                 from ../Annuaire.h:10,
                 from ../Annuaire.cpp:8:
/usr/include/c++/5/bits/stl_iterator.h:298:5: note: candidate: template<class _Iterator> bool std::operator<(const std::reverse_iterator<_Iterator>&, const std::reverse_iterator<_Iterator>&)
     operator<(const reverse_iterator<_Iterator>& __x,
     ^
/usr/include/c++/5/bits/stl_iterator.h:298:5: note:   template argument deduction/substitution failed:
../Annuaire.cpp:91:54: note:   ‘std::vector<tp::Personne*>::const_iterator {aka __gnu_cxx::__normal_iterator<tp::Personne* const*, std::vector<tp::Personne*> >}’ is not derived from ‘const std::reverse_iterator<_Iterator>’
  for (it = *m_vMembres.begin(); it < *m_vMembres.end(); it++)
                                                      ^
In file included from /usr/include/c++/5/bits/stl_algobase.h:67:0,
                 from /usr/include/c++/5/bits/char_traits.h:39,
                 from /usr/include/c++/5/string:40,
                 from ../Annuaire.h:10,
                 from ../Annuaire.cpp:8:
/usr/include/c++/5/bits/stl_iterator.h:348:5: note: candidate: template<class _IteratorL, class _IteratorR> bool std::operator<(const std::reverse_iterator<_Iterator>&, const std::reverse_iterator<_IteratorR>&)
     operator<(const reverse_iterator<_IteratorL>& __x,
     ^
/usr/include/c++/5/bits/stl_iterator.h:348:5: note:   template argument deduction/substitution failed:
../Annuaire.cpp:91:54: note:   ‘std::vector<tp::Personne*>::const_iterator {aka __gnu_cxx::__normal_iterator<tp::Personne* const*, std::vector<tp::Personne*> >}’ is not derived from ‘const std::reverse_iterator<_Iterator>’
  for (it = *m_vMembres.begin(); it < *m_vMembres.end(); it++)
                                                      ^
In file included from /usr/include/c++/5/string:52:0,
                 from ../Annuaire.h:10,
                 from ../Annuaire.cpp:8:
/usr/include/c++/5/bits/basic_string.h:4987:5: note: candidate: template<class _CharT, class _Traits, class _Alloc> bool std::operator<(const std::__cxx11::basic_string<_CharT, _Traits, _Alloc>&, const std::__cxx11::basic_string<_CharT, _Traits, _Alloc>&)
     operator<(const basic_string<_CharT, _Traits, _Alloc>& __lhs,
     ^
/usr/include/c++/5/bits/basic_string.h:4987:5: note:   template argument deduction/substitution failed:
../Annuaire.cpp:91:54: note:   ‘std::vector<tp::Personne*>::const_iterator {aka __gnu_cxx::__normal_iterator<tp::Personne* const*, std::vector<tp::Personne*> >}’ is not derived from ‘const std::__cxx11::basic_string<_CharT, _Traits, _Alloc>’
  for (it = *m_vMembres.begin(); it < *m_vMembres.end(); it++)
                                                      ^
In file included from /usr/include/c++/5/string:52:0,
                 from ../Annuaire.h:10,
                 from ../Annuaire.cpp:8:
/usr/include/c++/5/bits/basic_string.h:4999:5: note: candidate: template<class _CharT, class _Traits, class _Alloc> bool std::operator<(const std::__cxx11::basic_string<_CharT, _Traits, _Alloc>&, const _CharT*)
     operator<(const basic_string<_CharT, _Traits, _Alloc>& __lhs,
     ^
/usr/include/c++/5/bits/basic_string.h:4999:5: note:   template argument deduction/substitution failed:
../Annuaire.cpp:91:54: note:   ‘std::vector<tp::Personne*>::const_iterator {aka __gnu_cxx::__normal_iterator<tp::Personne* const*, std::vector<tp::Personne*> >}’ is not derived from ‘const std::__cxx11::basic_string<_CharT, _Traits, _Alloc>’
  for (it = *m_vMembres.begin(); it < *m_vMembres.end(); it++)
                                                      ^
In file included from /usr/include/c++/5/string:52:0,
                 from ../Annuaire.h:10,
                 from ../Annuaire.cpp:8:
/usr/include/c++/5/bits/basic_string.h:5011:5: note: candidate: template<class _CharT, class _Traits, class _Alloc> bool std::operator<(const _CharT*, const std::__cxx11::basic_string<_CharT, _Traits, _Alloc>&)
     operator<(const _CharT* __lhs,
     ^
/usr/include/c++/5/bits/basic_string.h:5011:5: note:   template argument deduction/substitution failed:
../Annuaire.cpp:91:54: note:   mismatched types ‘const _CharT*’ and ‘__gnu_cxx::__normal_iterator<tp::Personne* const*, std::vector<tp::Personne*> >’
  for (it = *m_vMembres.begin(); it < *m_vMembres.end(); it++)
                                                      ^
In file included from /usr/include/c++/5/vector:64:0,
                 from ../Annuaire.h:11,
                 from ../Annuaire.cpp:8:
/usr/include/c++/5/bits/stl_vector.h:1528:5: note: candidate: template<class _Tp, class _Alloc> bool std::operator<(const std::vector<_Tp, _Alloc>&, const std::vector<_Tp, _Alloc>&)
     operator<(const vector<_Tp, _Alloc>& __x, const vector<_Tp, _Alloc>& __y)
     ^
/usr/include/c++/5/bits/stl_vector.h:1528:5: note:   template argument deduction/substitution failed:
../Annuaire.cpp:91:54: note:   ‘std::vector<tp::Personne*>::const_iterator {aka __gnu_cxx::__normal_iterator<tp::Personne* const*, std::vector<tp::Personne*> >}’ is not derived from ‘const std::vector<_Tp, _Alloc>’
  for (it = *m_vMembres.begin(); it < *m_vMembres.end(); it++)
                                                      ^
In file included from /usr/include/c++/5/bits/stl_algobase.h:67:0,
                 from /usr/include/c++/5/bits/char_traits.h:39,
                 from /usr/include/c++/5/string:40,
                 from ../Annuaire.h:10,
                 from ../Annuaire.cpp:8:
/usr/include/c++/5/bits/stl_iterator.h:856:5: note: candidate: template<class _Iterator, class _Container> bool __gnu_cxx::operator<(const __gnu_cxx::__normal_iterator<_Iterator, _Container>&, const __gnu_cxx::__normal_iterator<_Iterator, _Container>&)
     operator<(const __normal_iterator<_Iterator, _Container>& __lhs,
     ^
/usr/include/c++/5/bits/stl_iterator.h:856:5: note:   template argument deduction/substitution failed:
../Annuaire.cpp:91:54: note:   mismatched types ‘const __gnu_cxx::__normal_iterator<_Iterator, _Container>’ and ‘tp::Personne* const’
  for (it = *m_vMembres.begin(); it < *m_vMembres.end(); it++)
                                                      ^
In file included from /usr/include/c++/5/bits/stl_algobase.h:67:0,
                 from /usr/include/c++/5/bits/char_traits.h:39,
                 from /usr/include/c++/5/string:40,
                 from ../Annuaire.h:10,
                 from ../Annuaire.cpp:8:
/usr/include/c++/5/bits/stl_iterator.h:849:5: note: candidate: template<class _IteratorL, class _IteratorR, class _Container> bool __gnu_cxx::operator<(const __gnu_cxx::__normal_iterator<_IteratorL, _Container>&, const __gnu_cxx::__normal_iterator<_IteratorR, _Container>&)
     operator<(const __normal_iterator<_IteratorL, _Container>& __lhs,
     ^
/usr/include/c++/5/bits/stl_iterator.h:849:5: note:   template argument deduction/substitution failed:
../Annuaire.cpp:91:54: note:   mismatched types ‘const __gnu_cxx::__normal_iterator<_IteratorR, _Container>’ and ‘tp::Personne* const’
  for (it = *m_vMembres.begin(); it < *m_vMembres.end(); it++)
                                                      ^
../Annuaire.cpp:93:13: error: no match for ‘operator==’ (operand types are ‘tp::Personne* const’ and ‘const tp::Personne’)
   if ((*it) == p_personne)
             ^
In file included from /usr/include/c++/5/bits/stl_algobase.h:64:0,
                 from /usr/include/c++/5/bits/char_traits.h:39,
                 from /usr/include/c++/5/string:40,
                 from ../Annuaire.h:10,
                 from ../Annuaire.cpp:8:
/usr/include/c++/5/bits/stl_pair.h:214:5: note: candidate: template<class _T1, class _T2> bool std::operator==(const std::pair<_T1, _T2>&, const std::pair<_T1, _T2>&)
     operator==(const pair<_T1, _T2>& __x, const pair<_T1, _T2>& __y)
     ^
/usr/include/c++/5/bits/stl_pair.h:214:5: note:   template argument deduction/substitution failed:
../Annuaire.cpp:93:16: note:   mismatched types ‘const std::pair<_T1, _T2>’ and ‘tp::Personne* const’
   if ((*it) == p_personne)
                ^
In file included from /usr/include/c++/5/bits/stl_algobase.h:67:0,
                 from /usr/include/c++/5/bits/char_traits.h:39,
                 from /usr/include/c++/5/string:40,
                 from ../Annuaire.h:10,
                 from ../Annuaire.cpp:8:
/usr/include/c++/5/bits/stl_iterator.h:292:5: note: candidate: template<class _Iterator> bool std::operator==(const std::reverse_iterator<_Iterator>&, const std::reverse_iterator<_Iterator>&)
     operator==(const reverse_iterator<_Iterator>& __x,
     ^
/usr/include/c++/5/bits/stl_iterator.h:292:5: note:   template argument deduction/substitution failed:
../Annuaire.cpp:93:16: note:   mismatched types ‘const std::reverse_iterator<_Iterator>’ and ‘tp::Personne* const’
   if ((*it) == p_personne)
                ^
In file included from /usr/include/c++/5/bits/stl_algobase.h:67:0,
                 from /usr/include/c++/5/bits/char_traits.h:39,
                 from /usr/include/c++/5/string:40,
                 from ../Annuaire.h:10,
                 from ../Annuaire.cpp:8:
/usr/include/c++/5/bits/stl_iterator.h:342:5: note: candidate: template<class _IteratorL, class _IteratorR> bool std::operator==(const std::reverse_iterator<_Iterator>&, const std::reverse_iterator<_IteratorR>&)
     operator==(const reverse_iterator<_IteratorL>& __x,
     ^
/usr/include/c++/5/bits/stl_iterator.h:342:5: note:   template argument deduction/substitution failed:
../Annuaire.cpp:93:16: note:   mismatched types ‘const std::reverse_iterator<_Iterator>’ and ‘tp::Personne* const’
   if ((*it) == p_personne)
                ^
In file included from /usr/include/c++/5/bits/char_traits.h:40:0,
                 from /usr/include/c++/5/string:40,
                 from ../Annuaire.h:10,
                 from ../Annuaire.cpp:8:
/usr/include/c++/5/bits/postypes.h:216:5: note: candidate: template<class _StateT> bool std::operator==(const std::fpos<_StateT>&, const std::fpos<_StateT>&)
     operator==(const fpos<_StateT>& __lhs, const fpos<_StateT>& __rhs)
     ^
/usr/include/c++/5/bits/postypes.h:216:5: note:   template argument deduction/substitution failed:
../Annuaire.cpp:93:16: note:   mismatched types ‘const std::fpos<_StateT>’ and ‘tp::Personne* const’
   if ((*it) == p_personne)
                ^
In file included from /usr/include/c++/5/string:41:0,
                 from ../Annuaire.h:10,
                 from ../Annuaire.cpp:8:
/usr/include/c++/5/bits/allocator.h:128:5: note: candidate: template<class _T1, class _T2> bool std::operator==(const std::allocator<_CharT>&, const std::allocator<_T2>&)
     operator==(const allocator<_T1>&, const allocator<_T2>&)
     ^
/usr/include/c++/5/bits/allocator.h:128:5: note:   template argument deduction/substitution failed:
../Annuaire.cpp:93:16: note:   mismatched types ‘const std::allocator<_CharT>’ and ‘tp::Personne* const’
   if ((*it) == p_personne)
                ^
In file included from /usr/include/c++/5/string:41:0,
                 from ../Annuaire.h:10,
                 from ../Annuaire.cpp:8:
/usr/include/c++/5/bits/allocator.h:134:5: note: candidate: template<class _Tp> bool std::operator==(const std::allocator<_CharT>&, const std::allocator<_CharT>&)
     operator==(const allocator<_Tp>&, const allocator<_Tp>&)
     ^
/usr/include/c++/5/bits/allocator.h:134:5: note:   template argument deduction/substitution failed:
../Annuaire.cpp:93:16: note:   mismatched types ‘const std::allocator<_CharT>’ and ‘tp::Personne* const’
   if ((*it) == p_personne)
                ^
In file included from /usr/include/c++/5/string:52:0,
                 from ../Annuaire.h:10,
                 from ../Annuaire.cpp:8:
/usr/include/c++/5/bits/basic_string.h:4904:5: note: candidate: template<class _CharT, class _Traits, class _Alloc> bool std::operator==(const std::__cxx11::basic_string<_CharT, _Traits, _Alloc>&, const std::__cxx11::basic_string<_CharT, _Traits, _Alloc>&)
     operator==(const basic_string<_CharT, _Traits, _Alloc>& __lhs,
     ^
/usr/include/c++/5/bits/basic_string.h:4904:5: note:   template argument deduction/substitution failed:
../Annuaire.cpp:93:16: note:   mismatched types ‘const std::__cxx11::basic_string<_CharT, _Traits, _Alloc>’ and ‘tp::Personne* const’
   if ((*it) == p_personne)
                ^
In file included from /usr/include/c++/5/string:52:0,
                 from ../Annuaire.h:10,
                 from ../Annuaire.cpp:8:
/usr/include/c++/5/bits/basic_string.h:4911:5: note: candidate: template<class _CharT> typename __gnu_cxx::__enable_if<std::__is_char<_Tp>::__value, bool>::__type std::operator==(const std::__cxx11::basic_string<_CharT>&, const std::__cxx11::basic_string<_CharT>&)
     operator==(const basic_string<_CharT>& __lhs,
     ^
/usr/include/c++/5/bits/basic_string.h:4911:5: note:   template argument deduction/substitution failed:
../Annuaire.cpp:93:16: note:   mismatched types ‘const std::__cxx11::basic_string<_CharT>’ and ‘tp::Personne* const’
   if ((*it) == p_personne)
                ^
In file included from /usr/include/c++/5/string:52:0,
                 from ../Annuaire.h:10,
                 from ../Annuaire.cpp:8:
/usr/include/c++/5/bits/basic_string.h:4925:5: note: candidate: template<class _CharT, class _Traits, class _Alloc> bool std::operator==(const _CharT*, const std::__cxx11::basic_string<_CharT, _Traits, _Alloc>&)
     operator==(const _CharT* __lhs,
     ^
/usr/include/c++/5/bits/basic_string.h:4925:5: note:   template argument deduction/substitution failed:
../Annuaire.cpp:93:16: note:   ‘const tp::Personne’ is not derived from ‘const std::__cxx11::basic_string<_CharT, _Traits, _Alloc>’
   if ((*it) == p_personne)
                ^
In file included from /usr/include/c++/5/string:52:0,
                 from ../Annuaire.h:10,
                 from ../Annuaire.cpp:8:
/usr/include/c++/5/bits/basic_string.h:4937:5: note: candidate: template<class _CharT, class _Traits, class _Alloc> bool std::operator==(const std::__cxx11::basic_string<_CharT, _Traits, _Alloc>&, const _CharT*)
     operator==(const basic_string<_CharT, _Traits, _Alloc>& __lhs,
     ^
/usr/include/c++/5/bits/basic_string.h:4937:5: note:   template argument deduction/substitution failed:
../Annuaire.cpp:93:16: note:   mismatched types ‘const std::__cxx11::basic_string<_CharT, _Traits, _Alloc>’ and ‘tp::Personne* const’
   if ((*it) == p_personne)
                ^
In file included from /usr/include/c++/5/vector:64:0,
                 from ../Annuaire.h:11,
                 from ../Annuaire.cpp:8:
/usr/include/c++/5/bits/stl_vector.h:1511:5: note: candidate: template<class _Tp, class _Alloc> bool std::operator==(const std::vector<_Tp, _Alloc>&, const std::vector<_Tp, _Alloc>&)
     operator==(const vector<_Tp, _Alloc>& __x, const vector<_Tp, _Alloc>& __y)
     ^
/usr/include/c++/5/bits/stl_vector.h:1511:5: note:   template argument deduction/substitution failed:
../Annuaire.cpp:93:16: note:   mismatched types ‘const std::vector<_Tp, _Alloc>’ and ‘tp::Personne* const’
   if ((*it) == p_personne)
                ^
In file included from /usr/include/c++/5/bits/locale_facets.h:48:0,
                 from /usr/include/c++/5/bits/basic_ios.h:37,
                 from /usr/include/c++/5/ios:44,
                 from /usr/include/c++/5/istream:38,
                 from /usr/include/c++/5/sstream:38,
                 from ../Annuaire.cpp:9:
/usr/include/c++/5/bits/streambuf_iterator.h:204:5: note: candidate: template<class _CharT, class _Traits> bool std::operator==(const std::istreambuf_iterator<_CharT, _Traits>&, const std::istreambuf_iterator<_CharT, _Traits>&)
     operator==(const istreambuf_iterator<_CharT, _Traits>& __a,
     ^
/usr/include/c++/5/bits/streambuf_iterator.h:204:5: note:   template argument deduction/substitution failed:
../Annuaire.cpp:93:16: note:   mismatched types ‘const std::istreambuf_iterator<_CharT, _Traits>’ and ‘tp::Personne* const’
   if ((*it) == p_personne)
                ^
make: *** [Annuaire.o] Erreur 1
22:10:50 **** Incremental Build of configuration Debug for project Testeur ****
make all 
Building file: ../AnnuaireTesteur.cpp
Invoking: GCC C++ Compiler
g++ -std=c++98 -I"/home/etudiant/Bureau/GIT/111155105_tp4/PersonneLib" -O0 -g3 -Wall -c -fmessage-length=0 -MMD -MP -MF"AnnuaireTesteur.d" -MT"AnnuaireTesteur.o" -o "AnnuaireTesteur.o" "../AnnuaireTesteur.cpp"
../AnnuaireTesteur.cpp:64:19: warning: non-static data member initializers only available with -std=c++11 or -std=gnu++11
  string nomClub = "NOM DU CLUB";
                   ^
../AnnuaireTesteur.cpp:66:22: warning: non-static data member initializers only available with -std=c++11 or -std=gnu++11
  string nom_joueur = "Hockey";
                      ^
../AnnuaireTesteur.cpp:67:25: warning: non-static data member initializers only available with -std=c++11 or -std=gnu++11
  string prenom_joueur = "Joueur";
                         ^
../AnnuaireTesteur.cpp:68:45: warning: non-static data member initializers only available with -std=c++11 or -std=gnu++11
  Date dateNaissance_joueur = Date(5, 5, 2001);
                                             ^
../AnnuaireTesteur.cpp:69:28: warning: non-static data member initializers only available with -std=c++11 or -std=gnu++11
  string telephone_joueur = "418 658-2222";
                            ^
../AnnuaireTesteur.cpp:70:27: warning: non-static data member initializers only available with -std=c++11 or -std=gnu++11
  string position_joueur = "CENTRE";
                           ^
../AnnuaireTesteur.cpp:72:19: warning: non-static data member initializers only available with -std=c++11 or -std=gnu++11
  string nom_ent = "Thibault";
                   ^
../AnnuaireTesteur.cpp:73:22: warning: non-static data member initializers only available with -std=c++11 or -std=gnu++11
  string prenom_ent = "Marc";
                      ^
../AnnuaireTesteur.cpp:74:42: warning: non-static data member initializers only available with -std=c++11 or -std=gnu++11
  Date dateNaissance_ent = Date(5, 5, 1980);
                                          ^
../AnnuaireTesteur.cpp:75:25: warning: non-static data member initializers only available with -std=c++11 or -std=gnu++11
  string telephone_ent = "418 656-2177";
                         ^
../AnnuaireTesteur.cpp:76:18: warning: non-static data member initializers only available with -std=c++11 or -std=gnu++11
  char sexe_ent = 'M';
                  ^
../AnnuaireTesteur.cpp:77:20: warning: non-static data member initializers only available with -std=c++11 or -std=gnu++11
  string RAMQ_ent = "THIM 8005 0522";
                    ^
Finished building: ../AnnuaireTesteur.cpp
 
Building target: Testeur
Invoking: GCC C++ Linker
g++ -L"/home/etudiant/Bureau/GIT/111155105_tp4/PersonneLib/Debug" -o "Testeur"  ./AnnuaireTesteur.o ./EntraineurTesteur.o ./JoueurTesteur.o ./PersonneTesteur.o   -lPersonneLib -lgtest_main -lgtest -lpthread
/usr/bin/ld : ne peut trouver -lPersonneLib
collect2: error: ld returned 1 exit status
makefile:44 : la recette pour la cible « Testeur » a échouée
make: *** [Testeur] Erreur 1
22:11:09 **** Incremental Build of configuration Debug for project Personne ****
make all 
make: rien à faire pour « all ».
22:11:09 **** Incremental Build of configuration Debug for project PersonneLib ****
make all 
Building file: ../Annuaire.cpp
Invoking: GCC C++ Compiler
g++ -std=c++98 -O0 -g3 -Wall -c -fmessage-length=0 -MMD -MP -MF"Annuaire.d" -MT"Annuaire.o" -o "Annuaire.o" "../Annuaire.cpp"
../Annuaire.cpp: In member function ‘bool tp::Annuaire::PersonneEstDejaPresente(const tp::Personne&) const’:
../Annuaire.cpp:93:16: error: no match for ‘operator*’ (operand type is ‘const tp::Personne’)
   if ((*it) == *p_personne)
                ^
subdir.mk:39 : la recette pour la cible « Annuaire.o » a échouée
make: *** [Annuaire.o] Erreur 1
22:11:10 **** Incremental Build of configuration Debug for project Testeur ****
make all 
Building target: Testeur
Invoking: GCC C++ Linker
g++ -L"/home/etudiant/Bureau/GIT/111155105_tp4/PersonneLib/Debug" -o "Testeur"  ./AnnuaireTesteur.o ./EntraineurTesteur.o ./JoueurTesteur.o ./PersonneTesteur.o   -lPersonneLib -lgtest_main -lgtest -lpthread
makefile:44 : la recette pour la cible « Testeur » a échouée
/usr/bin/ld : ne peut trouver -lPersonneLib
collect2: error: ld returned 1 exit status
make: *** [Testeur] Erreur 1
