22:11:10 **** Incremental Build of configuration Debug for project Testeur ****
make all 
Building target: Testeur
Invoking: GCC C++ Linker
g++ -L"/home/etudiant/Bureau/GIT/111155105_tp4/PersonneLib/Debug" -o "Testeur"  ./AnnuaireTesteur.o ./EntraineurTesteur.o ./JoueurTesteur.o ./PersonneTesteur.o   -lPersonneLib -lgtest_main -lgtest -lpthread
makefile:44 : la recette pour la cible « Testeur » a échouée
/usr/bin/ld : ne peut trouver -lPersonneLib
collect2: error: ld returned 1 exit status
make: *** [Testeur] Erreur 1

22:11:10 Build Finished (took 80ms)

